Arguments: 
  D:\software\011-RUN\002-nodejs\node.exe C:\Users\tyj\AppData\Roaming\npm\node_modules\yarn\bin\yarn.js init

PATH: 
  C:\Users\tyj\bin;D:\software\009-VS\001-Git\mingw64\bin;D:\software\009-VS\001-Git\usr\local\bin;D:\software\009-VS\001-Git\usr\bin;D:\software\009-VS\001-Git\usr\bin;D:\software\009-VS\001-Git\mingw64\bin;D:\software\009-VS\001-Git\usr\bin;C:\Users\tyj\bin;D:\software\014-DB\006-win64_11gR2_client\product\11.2.0\client_1\bin;D:\software\016-DTOOL\007-ShadowBot;D:\software\015-OS\001-VMware Workstation\bin;C:\Windows\system32;C:\Windows;C:\Windows\System32\Wbem;C:\Windows\System32\WindowsPowerShell\v1.0;C:\Windows\System32\OpenSSH;D:\apache-jmeter-5.3\bin;D:\software\009-VS\002-TortoiseSVN\bin;D:\software\011-RUN\002-nodejs;D:\software\011-RUN\001-jdk1.8.0_131\bin;D:\software\011-RUN\001-jdk1.8.0_131\jre\bin;D:\software\009-VS\002-TortoiseSVN\bin;C:\Program Files\Docker\Docker\resources\bin;C:\ProgramData\DockerDesktop\version-bin;D:\software\015-OS\003-Xshell-7.0.0111p;D:\software\015-OS\004-Xftp-7.0.0109p;D:\software\016-DTOOL\008-apache-jmeter-5.5\apache-jmeter-5.5\bin;D:\software\012-PA\003-gradle-7.2-bin\gradle-7.2\bin;D:\software\012-PA\002-apache-maven-3.6.1-bin\apache-maven-3.6.1\bin;D:\software\009-VS\001-Git\usr\bin;D:\software\011-RUN\004-Go\go\bin;D:\software\013-IDE\005-微信web开发者工具\dll;D:\software\011-RUN\003-Python\Python39\Scripts;D:\software\011-RUN\003-Python\Python39;C:\Users\tyj\AppData\Local\Microsoft\WindowsApps;D:\software\009-VS\001-Git\cmd;C:\Users\tyj\AppData\Roaming\npm;D:\software\013-IDE\010-Microsoft VS Code\bin;D:\software\009-VS\001-Git\usr\bin\vendor_perl;D:\software\009-VS\001-Git\usr\bin\core_perl

Yarn version: 
  1.22.19

Node version: 
  16.16.0

Platform: 
  win32 x64

Trace: 
  Error: Can't answer a question unless a user TTY
      at ConsoleReporter.question (C:\Users\tyj\AppData\Roaming\npm\node_modules\yarn\lib\cli.js:92864:59)
      at Object.<anonymous> (C:\Users\tyj\AppData\Roaming\npm\node_modules\yarn\lib\cli.js:85054:38)
      at Generator.next (<anonymous>)
      at step (C:\Users\tyj\AppData\Roaming\npm\node_modules\yarn\lib\cli.js:310:30)
      at C:\Users\tyj\AppData\Roaming\npm\node_modules\yarn\lib\cli.js:321:13
      at processTicksAndRejections (node:internal/process/task_queues:96:5)

npm manifest: 
  No manifest

yarn manifest: 
  No manifest

Lockfile: 
  No lockfile
